{
  "RSpec": {
    "coverage": {
      "/home/jean/projects/Conductor/spec/support/controller_macros.rb": [
        1,
        1,
        0,
        0,
        0,
        null,
        null
      ],
      "/home/jean/projects/Conductor/spec/shared/examples_for_scoped.rb": [
        1,
        4,
        null,
        2,
        2,
        null,
        1,
        1,
        1,
        null,
        null,
        1,
        0,
        0,
        null,
        1,
        null,
        null,
        null,
        null
      ]
    },
    "timestamp": 1453113113
  }
}
